<?xml version="1.0" encoding="UTF-8"?>
<robot generator="Robot 6.0.1 (Python 3.11.1 on win32)" generated="20230106 20:33:31.435" rpa="false" schemaversion="3">
<suite id="s1" name="Suites" source="C:\Users\acvilar.STEFANINI-DOM\OneDrive - Stefanini\Desktop\RobotFramework\Exercicio2\suites">
<suite id="s1-s1" name="addAndDelete" source="C:\Users\acvilar.STEFANINI-DOM\OneDrive - Stefanini\Desktop\RobotFramework\Exercicio2\suites\addAndDelete">
<suite id="s1-s1-s1" name="addAndDelete" source="C:\Users\acvilar.STEFANINI-DOM\OneDrive - Stefanini\Desktop\RobotFramework\Exercicio2\suites\addAndDelete\addAndDelete.robot">
<test id="s1-s1-s1-t1" name="TC01 - Acessar site, fazer login, criar usuario e deletar" line="8">
<kw name="Acessar site orange e fazer login" library="setup_teardown" type="SETUP">
<kw name="Dado que eu acesse o site e faça login" library="login_page">
<kw name="Open Browser" library="SeleniumLibrary">
<arg>${geral.URL}</arg>
<arg>${geral.Browser}</arg>
<doc>Opens a new browser instance to the optional ``url``.</doc>
<msg timestamp="20230106 20:33:31.806" level="INFO">Opening browser 'chrome' to base url 'https://opensource-demo.orangehrmlive.com/'.</msg>
<status status="PASS" starttime="20230106 20:33:31.805" endtime="20230106 20:33:38.679"/>
</kw>
<kw name="Maximize Browser Window" library="SeleniumLibrary">
<doc>Maximizes current browser window.</doc>
<status status="PASS" starttime="20230106 20:33:38.679" endtime="20230106 20:33:39.210"/>
</kw>
<kw name="Wait Until Element Is Visible" library="SeleniumLibrary">
<arg>${login.input_username}</arg>
<arg>10</arg>
<doc>Waits until the element ``locator`` is visible.</doc>
<status status="PASS" starttime="20230106 20:33:39.210" endtime="20230106 20:33:39.248"/>
</kw>
<kw name="Input Text" library="SeleniumLibrary">
<arg>${login.input_username}</arg>
<arg>${dados_login.username}</arg>
<doc>Types the given ``text`` into the text field identified by ``locator``.</doc>
<msg timestamp="20230106 20:33:39.249" level="INFO">Typing text 'Admin' into text field '//input[@name="username"]'.</msg>
<status status="PASS" starttime="20230106 20:33:39.249" endtime="20230106 20:33:39.370"/>
</kw>
<kw name="Wait Until Element Is Visible" library="SeleniumLibrary">
<arg>${login.input_password}</arg>
<arg>10</arg>
<doc>Waits until the element ``locator`` is visible.</doc>
<status status="PASS" starttime="20230106 20:33:39.370" endtime="20230106 20:33:39.408"/>
</kw>
<kw name="Input Text" library="SeleniumLibrary">
<arg>${login.input_password}</arg>
<arg>${dados_login.password}</arg>
<doc>Types the given ``text`` into the text field identified by ``locator``.</doc>
<msg timestamp="20230106 20:33:39.409" level="INFO">Typing text 'admin123' into text field '//input[@name="password"]'.</msg>
<status status="PASS" starttime="20230106 20:33:39.408" endtime="20230106 20:33:39.540"/>
</kw>
<kw name="Click Button" library="SeleniumLibrary">
<arg>${login.button_login}</arg>
<doc>Clicks the button identified by ``locator``.</doc>
<msg timestamp="20230106 20:33:39.541" level="INFO">Clicking button '//button[@type="submit"]'.</msg>
<status status="PASS" starttime="20230106 20:33:39.540" endtime="20230106 20:33:39.685"/>
</kw>
<status status="PASS" starttime="20230106 20:33:31.805" endtime="20230106 20:33:39.685"/>
</kw>
<status status="PASS" starttime="20230106 20:33:31.804" endtime="20230106 20:33:39.685"/>
</kw>
<kw name="E eu adicione um novo usuario" library="pim_page">
<kw name="Wait Until Element Is Visible" library="SeleniumLibrary">
<arg>${pim.button_pim}</arg>
<arg>10</arg>
<doc>Waits until the element ``locator`` is visible.</doc>
<status status="PASS" starttime="20230106 20:33:39.687" endtime="20230106 20:33:41.392"/>
</kw>
<kw name="Click Element" library="SeleniumLibrary">
<arg>${pim.button_pim}</arg>
<doc>Click the element identified by ``locator``.</doc>
<msg timestamp="20230106 20:33:41.394" level="INFO">Clicking element '//a[@href="/web/index.php/pim/viewPimModule"]'.</msg>
<status status="PASS" starttime="20230106 20:33:41.392" endtime="20230106 20:33:43.716"/>
</kw>
<kw name="Wait Until Element Is Visible" library="SeleniumLibrary">
<arg>${pim.button_add}</arg>
<arg>20</arg>
<doc>Waits until the element ``locator`` is visible.</doc>
<status status="PASS" starttime="20230106 20:33:43.716" endtime="20230106 20:33:44.596"/>
</kw>
<kw name="Click Element" library="SeleniumLibrary">
<arg>${pim.button_add}</arg>
<doc>Click the element identified by ``locator``.</doc>
<msg timestamp="20230106 20:33:44.597" level="INFO">Clicking element '//button[@class="oxd-button oxd-button--medium oxd-button--secondary"]'.</msg>
<status status="PASS" starttime="20230106 20:33:44.596" endtime="20230106 20:33:45.288"/>
</kw>
<kw name="Wait Until Element Is Visible" library="SeleniumLibrary">
<arg>${pim.input_firstName}</arg>
<arg>20</arg>
<doc>Waits until the element ``locator`` is visible.</doc>
<status status="PASS" starttime="20230106 20:33:45.288" endtime="20230106 20:33:45.775"/>
</kw>
<kw name="Input Text" library="SeleniumLibrary">
<arg>${pim.input_firstName}</arg>
<arg>${new_user.first_name}</arg>
<doc>Types the given ``text`` into the text field identified by ``locator``.</doc>
<msg timestamp="20230106 20:33:45.776" level="INFO">Typing text 'Meredith' into text field '//input[@name="firstName"]'.</msg>
<status status="PASS" starttime="20230106 20:33:45.775" endtime="20230106 20:33:45.890"/>
</kw>
<kw name="Wait Until Element Is Visible" library="SeleniumLibrary">
<arg>${pim.input_middleName}</arg>
<arg>20</arg>
<doc>Waits until the element ``locator`` is visible.</doc>
<status status="PASS" starttime="20230106 20:33:45.890" endtime="20230106 20:33:45.908"/>
</kw>
<kw name="Input Text" library="SeleniumLibrary">
<arg>${pim.input_middleName}</arg>
<arg>${new_user.middle_name}</arg>
<doc>Types the given ``text`` into the text field identified by ``locator``.</doc>
<msg timestamp="20230106 20:33:45.910" level="INFO">Typing text 'Silva' into text field '//input[@name="middleName"]'.</msg>
<status status="PASS" starttime="20230106 20:33:45.908" endtime="20230106 20:33:45.972"/>
</kw>
<kw name="Wait Until Element Is Visible" library="SeleniumLibrary">
<arg>${pim.input_lastName}</arg>
<arg>20</arg>
<doc>Waits until the element ``locator`` is visible.</doc>
<status status="PASS" starttime="20230106 20:33:45.972" endtime="20230106 20:33:45.991"/>
</kw>
<kw name="Input Text" library="SeleniumLibrary">
<arg>${pim.input_lastName}</arg>
<arg>${new_user.last_name}</arg>
<doc>Types the given ``text`` into the text field identified by ``locator``.</doc>
<msg timestamp="20230106 20:33:45.992" level="INFO">Typing text 'Grey' into text field '//input[@name="lastName"]'.</msg>
<status status="PASS" starttime="20230106 20:33:45.991" endtime="20230106 20:33:46.056"/>
</kw>
<kw name="Wait Until Element Is Visible" library="SeleniumLibrary">
<arg>${pim.button_save}</arg>
<arg>10</arg>
<doc>Waits until the element ``locator`` is visible.</doc>
<status status="PASS" starttime="20230106 20:33:46.056" endtime="20230106 20:33:46.073"/>
</kw>
<kw name="Click Element" library="SeleniumLibrary">
<arg>${pim.button_save}</arg>
<doc>Click the element identified by ``locator``.</doc>
<msg timestamp="20230106 20:33:46.073" level="INFO">Clicking element '//button[@type="submit"]'.</msg>
<status status="PASS" starttime="20230106 20:33:46.073" endtime="20230106 20:33:46.695"/>
</kw>
<status status="PASS" starttime="20230106 20:33:39.687" endtime="20230106 20:33:46.695"/>
</kw>
<kw name="E eu pesquise e delete o usuario criado" library="employee_list">
<kw name="Wait Until Element Is Visible" library="SeleniumLibrary">
<arg>${list.employee_list}</arg>
<arg>10</arg>
<doc>Waits until the element ``locator`` is visible.</doc>
<status status="PASS" starttime="20230106 20:33:46.697" endtime="20230106 20:33:46.721"/>
</kw>
<kw name="Click Element" library="SeleniumLibrary">
<arg>${list.employee_list}</arg>
<doc>Click the element identified by ``locator``.</doc>
<msg timestamp="20230106 20:33:46.722" level="INFO">Clicking element '//a[contains(text(), "Employee List")]'.</msg>
<status status="PASS" starttime="20230106 20:33:46.722" endtime="20230106 20:33:47.224"/>
</kw>
<kw name="Wait Until Element Is Visible" library="SeleniumLibrary">
<arg>${list.employee_name}</arg>
<arg>10</arg>
<doc>Waits until the element ``locator`` is visible.</doc>
<status status="PASS" starttime="20230106 20:33:47.224" endtime="20230106 20:33:47.669"/>
</kw>
<kw name="Input Text" library="SeleniumLibrary">
<arg>${list.employee_name}</arg>
<arg>${new_user.first_name}</arg>
<doc>Types the given ``text`` into the text field identified by ``locator``.</doc>
<msg timestamp="20230106 20:33:47.671" level="INFO">Typing text 'Meredith' into text field '(//input[@placeholder="Type for hints..."])[1]'.</msg>
<status status="PASS" starttime="20230106 20:33:47.669" endtime="20230106 20:33:47.765"/>
</kw>
<kw name="Wait Until Element Is Visible" library="SeleniumLibrary">
<arg>${list.button_search}</arg>
<arg>10</arg>
<doc>Waits until the element ``locator`` is visible.</doc>
<status status="PASS" starttime="20230106 20:33:47.766" endtime="20230106 20:33:47.784"/>
</kw>
<kw name="Click Element" library="SeleniumLibrary">
<arg>${list.button_search}</arg>
<doc>Click the element identified by ``locator``.</doc>
<msg timestamp="20230106 20:33:47.785" level="INFO">Clicking element '//button[@type="submit"]'.</msg>
<status status="PASS" starttime="20230106 20:33:47.784" endtime="20230106 20:33:47.833"/>
</kw>
<kw name="Wait Until Element Is Visible" library="SeleniumLibrary">
<arg>${list.button_delete}</arg>
<arg>10</arg>
<doc>Waits until the element ``locator`` is visible.</doc>
<status status="PASS" starttime="20230106 20:33:47.833" endtime="20230106 20:33:48.500"/>
</kw>
<kw name="Click Element" library="SeleniumLibrary">
<arg>${list.button_delete}</arg>
<doc>Click the element identified by ``locator``.</doc>
<msg timestamp="20230106 20:33:48.501" level="INFO">Clicking element '//i[@class="oxd-icon bi-trash"]'.</msg>
<status status="PASS" starttime="20230106 20:33:48.500" endtime="20230106 20:33:48.554"/>
</kw>
<kw name="Wait Until Element Is Visible" library="SeleniumLibrary">
<arg>${list.button_confirm_delete}</arg>
<arg>10</arg>
<doc>Waits until the element ``locator`` is visible.</doc>
<status status="PASS" starttime="20230106 20:33:48.555" endtime="20230106 20:33:49.236"/>
</kw>
<kw name="Click Element" library="SeleniumLibrary">
<arg>${list.button_confirm_delete}</arg>
<doc>Click the element identified by ``locator``.</doc>
<msg timestamp="20230106 20:33:49.237" level="INFO">Clicking element '//button[@class="oxd-button oxd-button--medium oxd-button--label-danger orangehrm-button-margin"]'.</msg>
<status status="PASS" starttime="20230106 20:33:49.236" endtime="20230106 20:33:49.272"/>
</kw>
<kw name="Wait Until Element Is Visible" library="SeleniumLibrary">
<arg>${list.no_records_found}</arg>
<arg>10</arg>
<doc>Waits until the element ``locator`` is visible.</doc>
<status status="PASS" starttime="20230106 20:33:49.272" endtime="20230106 20:33:52.659"/>
</kw>
<kw name="Element Should Be Visible" library="SeleniumLibrary">
<arg>${list.no_records_found}</arg>
<doc>Verifies that the element identified by ``locator`` is visible.</doc>
<msg timestamp="20230106 20:33:52.677" level="INFO">Element '//span[@class="oxd-text oxd-text--span"]' is displayed.</msg>
<status status="PASS" starttime="20230106 20:33:52.659" endtime="20230106 20:33:52.677"/>
</kw>
<status status="PASS" starttime="20230106 20:33:46.695" endtime="20230106 20:33:52.677"/>
</kw>
<kw name="Fechar navegador" library="setup_teardown" type="TEARDOWN">
<kw name="Close Browser" library="SeleniumLibrary">
<doc>Closes the current browser.</doc>
<status status="PASS" starttime="20230106 20:33:52.678" endtime="20230106 20:33:57.451"/>
</kw>
<status status="PASS" starttime="20230106 20:33:52.678" endtime="20230106 20:33:57.451"/>
</kw>
<status status="PASS" starttime="20230106 20:33:31.803" endtime="20230106 20:33:57.453"/>
</test>
<status status="PASS" starttime="20230106 20:33:31.470" endtime="20230106 20:33:57.455"/>
</suite>
<status status="PASS" starttime="20230106 20:33:31.465" endtime="20230106 20:33:57.457"/>
</suite>
<status status="PASS" starttime="20230106 20:33:31.441" endtime="20230106 20:33:57.458"/>
</suite>
<statistics>
<total>
<stat pass="1" fail="0" skip="0">All Tests</stat>
</total>
<tag>
</tag>
<suite>
<stat pass="1" fail="0" skip="0" id="s1" name="Suites">Suites</stat>
<stat pass="1" fail="0" skip="0" id="s1-s1" name="addAndDelete">Suites.addAndDelete</stat>
<stat pass="1" fail="0" skip="0" id="s1-s1-s1" name="addAndDelete">Suites.addAndDelete.addAndDelete</stat>
</suite>
</statistics>
<errors>
</errors>
</robot>
