<?xml version="1.0" encoding="UTF-8"?>
<robot generator="Robot 6.0.1 (Python 3.11.1 on win32)" generated="20230108 12:19:45.790" rpa="false" schemaversion="3">
<suite id="s1" name="Suites" source="C:\Users\acvilar.STEFANINI-DOM\OneDrive - Stefanini\Desktop\RobotFramework\Exercicio Loop\suites">
<suite id="s1-s1" name="addAndDelete" source="C:\Users\acvilar.STEFANINI-DOM\OneDrive - Stefanini\Desktop\RobotFramework\Exercicio Loop\suites\addAndDelete">
<suite id="s1-s1-s1" name="addAndDelete" source="C:\Users\acvilar.STEFANINI-DOM\OneDrive - Stefanini\Desktop\RobotFramework\Exercicio Loop\suites\addAndDelete\addAndDelete.robot">
<test id="s1-s1-s1-t1" name="TC02 - Acessar site, fazer login, criar 3 usuários" line="13">
<kw name="Acessar site orange e fazer login" library="setup_teardown" type="SETUP">
<kw name="Dado que eu acesse o site e faça login" library="login_page">
<kw name="Open Browser" library="SeleniumLibrary">
<arg>${geral.URL}</arg>
<arg>${geral.Browser}</arg>
<doc>Opens a new browser instance to the optional ``url``.</doc>
<msg timestamp="20230108 12:19:46.102" level="INFO">Opening browser 'chrome' to base url 'https://opensource-demo.orangehrmlive.com/'.</msg>
<status status="PASS" starttime="20230108 12:19:46.102" endtime="20230108 12:19:51.012"/>
</kw>
<kw name="Maximize Browser Window" library="SeleniumLibrary">
<doc>Maximizes current browser window.</doc>
<status status="PASS" starttime="20230108 12:19:51.013" endtime="20230108 12:19:51.132"/>
</kw>
<kw name="Wait Until Element Is Visible" library="SeleniumLibrary">
<arg>${login.input_username}</arg>
<arg>10</arg>
<doc>Waits until the element ``locator`` is visible.</doc>
<status status="PASS" starttime="20230108 12:19:51.132" endtime="20230108 12:19:51.582"/>
</kw>
<kw name="Input Text" library="SeleniumLibrary">
<arg>${login.input_username}</arg>
<arg>${dados_login.username}</arg>
<doc>Types the given ``text`` into the text field identified by ``locator``.</doc>
<msg timestamp="20230108 12:19:51.583" level="INFO">Typing text 'Admin' into text field '//input[@name="username"]'.</msg>
<status status="PASS" starttime="20230108 12:19:51.582" endtime="20230108 12:19:51.661"/>
</kw>
<kw name="Wait Until Element Is Visible" library="SeleniumLibrary">
<arg>${login.input_password}</arg>
<arg>10</arg>
<doc>Waits until the element ``locator`` is visible.</doc>
<status status="PASS" starttime="20230108 12:19:51.662" endtime="20230108 12:19:51.692"/>
</kw>
<kw name="Input Text" library="SeleniumLibrary">
<arg>${login.input_password}</arg>
<arg>${dados_login.password}</arg>
<doc>Types the given ``text`` into the text field identified by ``locator``.</doc>
<msg timestamp="20230108 12:19:51.693" level="INFO">Typing text 'admin123' into text field '//input[@name="password"]'.</msg>
<status status="PASS" starttime="20230108 12:19:51.692" endtime="20230108 12:19:51.780"/>
</kw>
<kw name="Click Button" library="SeleniumLibrary">
<arg>${login.button_login}</arg>
<doc>Clicks the button identified by ``locator``.</doc>
<msg timestamp="20230108 12:19:51.781" level="INFO">Clicking button '//button[@type="submit"]'.</msg>
<status status="PASS" starttime="20230108 12:19:51.780" endtime="20230108 12:19:51.831"/>
</kw>
<status status="PASS" starttime="20230108 12:19:46.102" endtime="20230108 12:19:51.831"/>
</kw>
<status status="PASS" starttime="20230108 12:19:46.102" endtime="20230108 12:19:51.831"/>
</kw>
<kw name="Dado que eu acesse a opção PIM no menu" library="pim_page">
<kw name="Wait Until Element Is Visible" library="SeleniumLibrary">
<arg>${pim.button_pim}</arg>
<arg>10</arg>
<doc>Waits until the element ``locator`` is visible.</doc>
<status status="PASS" starttime="20230108 12:19:51.832" endtime="20230108 12:19:53.500"/>
</kw>
<kw name="Click Element" library="SeleniumLibrary">
<arg>${pim.button_pim}</arg>
<doc>Click the element identified by ``locator``.</doc>
<msg timestamp="20230108 12:19:53.501" level="INFO">Clicking element '//a[@href="/web/index.php/pim/viewPimModule"]'.</msg>
<status status="PASS" starttime="20230108 12:19:53.500" endtime="20230108 12:19:54.647"/>
</kw>
<status status="PASS" starttime="20230108 12:19:51.832" endtime="20230108 12:19:54.647"/>
</kw>
<kw name="E clique em &quot;Add Employee&quot;" library="pim_page">
<kw name="Wait Until Element Is Visible" library="SeleniumLibrary">
<arg>${pim.button_add}</arg>
<arg>20</arg>
<doc>Waits until the element ``locator`` is visible.</doc>
<status status="PASS" starttime="20230108 12:19:54.648" endtime="20230108 12:19:55.097"/>
</kw>
<kw name="Click Element" library="SeleniumLibrary">
<arg>${pim.button_add}</arg>
<doc>Click the element identified by ``locator``.</doc>
<msg timestamp="20230108 12:19:55.097" level="INFO">Clicking element '//button[@class="oxd-button oxd-button--medium oxd-button--secondary"]'.</msg>
<status status="PASS" starttime="20230108 12:19:55.097" endtime="20230108 12:19:55.991"/>
</kw>
<status status="PASS" starttime="20230108 12:19:54.647" endtime="20230108 12:19:55.991"/>
</kw>
<kw name="Então adiciono 3 novos usuários" library="pim_page" sourcename="Então adiciono ${Quantidade} novos usuários">
<for flavor="IN RANGE">
<var>${i}</var>
<value>${Quantidade}</value>
<iter>
<var name="${i}">0</var>
<kw name="Wait Until Element Is Visible" library="SeleniumLibrary">
<arg>${pim.input_firstName}</arg>
<arg>20</arg>
<doc>Waits until the element ``locator`` is visible.</doc>
<status status="PASS" starttime="20230108 12:19:55.993" endtime="20230108 12:19:56.442"/>
</kw>
<kw name="Input Text" library="SeleniumLibrary">
<arg>${pim.input_firstName}</arg>
<arg>${new_user.first_name}</arg>
<arg>${i}</arg>
<doc>Types the given ``text`` into the text field identified by ``locator``.</doc>
<msg timestamp="20230108 12:19:56.443" level="INFO">Typing text 'Meredith' into text field '//input[@name="firstName"]'.</msg>
<status status="PASS" starttime="20230108 12:19:56.442" endtime="20230108 12:19:56.531"/>
</kw>
<kw name="Input Text" library="SeleniumLibrary">
<arg>${pim.input_middleName}</arg>
<arg>${new_user.middle_name}</arg>
<doc>Types the given ``text`` into the text field identified by ``locator``.</doc>
<msg timestamp="20230108 12:19:56.533" level="INFO">Typing text 'Silva' into text field '//input[@name="middleName"]'.</msg>
<status status="PASS" starttime="20230108 12:19:56.531" endtime="20230108 12:19:56.620"/>
</kw>
<kw name="Input Text" library="SeleniumLibrary">
<arg>${pim.input_lastName}</arg>
<arg>${new_user.last_name}</arg>
<doc>Types the given ``text`` into the text field identified by ``locator``.</doc>
<msg timestamp="20230108 12:19:56.621" level="INFO">Typing text 'Grey' into text field '//input[@name="lastName"]'.</msg>
<status status="PASS" starttime="20230108 12:19:56.620" endtime="20230108 12:19:56.693"/>
</kw>
<kw name="Click Element" library="SeleniumLibrary">
<arg>${pim.button_save}</arg>
<doc>Click the element identified by ``locator``.</doc>
<msg timestamp="20230108 12:19:56.694" level="INFO">Clicking element '//button[@type="submit"]'.</msg>
<status status="PASS" starttime="20230108 12:19:56.693" endtime="20230108 12:19:57.303"/>
</kw>
<kw name="Dado que eu acesse a opção PIM no menu" library="pim_page">
<kw name="Wait Until Element Is Visible" library="SeleniumLibrary">
<arg>${pim.button_pim}</arg>
<arg>10</arg>
<doc>Waits until the element ``locator`` is visible.</doc>
<status status="PASS" starttime="20230108 12:19:57.303" endtime="20230108 12:19:57.317"/>
</kw>
<kw name="Click Element" library="SeleniumLibrary">
<arg>${pim.button_pim}</arg>
<doc>Click the element identified by ``locator``.</doc>
<msg timestamp="20230108 12:19:57.318" level="INFO">Clicking element '//a[@href="/web/index.php/pim/viewPimModule"]'.</msg>
<status status="PASS" starttime="20230108 12:19:57.318" endtime="20230108 12:19:58.298"/>
</kw>
<status status="PASS" starttime="20230108 12:19:57.303" endtime="20230108 12:19:58.298"/>
</kw>
<kw name="E clique em &quot;Add Employee&quot;" library="pim_page">
<kw name="Wait Until Element Is Visible" library="SeleniumLibrary">
<arg>${pim.button_add}</arg>
<arg>20</arg>
<doc>Waits until the element ``locator`` is visible.</doc>
<status status="PASS" starttime="20230108 12:19:58.299" endtime="20230108 12:19:58.757"/>
</kw>
<kw name="Click Element" library="SeleniumLibrary">
<arg>${pim.button_add}</arg>
<doc>Click the element identified by ``locator``.</doc>
<msg timestamp="20230108 12:19:58.757" level="INFO">Clicking element '//button[@class="oxd-button oxd-button--medium oxd-button--secondary"]'.</msg>
<status status="PASS" starttime="20230108 12:19:58.757" endtime="20230108 12:19:59.370"/>
</kw>
<status status="PASS" starttime="20230108 12:19:58.298" endtime="20230108 12:19:59.370"/>
</kw>
<status status="PASS" starttime="20230108 12:19:55.992" endtime="20230108 12:19:59.370"/>
</iter>
<iter>
<var name="${i}">1</var>
<kw name="Wait Until Element Is Visible" library="SeleniumLibrary">
<arg>${pim.input_firstName}</arg>
<arg>20</arg>
<doc>Waits until the element ``locator`` is visible.</doc>
<status status="PASS" starttime="20230108 12:19:59.370" endtime="20230108 12:19:59.812"/>
</kw>
<kw name="Input Text" library="SeleniumLibrary">
<arg>${pim.input_firstName}</arg>
<arg>${new_user.first_name}</arg>
<arg>${i}</arg>
<doc>Types the given ``text`` into the text field identified by ``locator``.</doc>
<msg timestamp="20230108 12:19:59.813" level="INFO">Typing text 'Meredith' into text field '//input[@name="firstName"]'.</msg>
<status status="PASS" starttime="20230108 12:19:59.812" endtime="20230108 12:19:59.895"/>
</kw>
<kw name="Input Text" library="SeleniumLibrary">
<arg>${pim.input_middleName}</arg>
<arg>${new_user.middle_name}</arg>
<doc>Types the given ``text`` into the text field identified by ``locator``.</doc>
<msg timestamp="20230108 12:19:59.896" level="INFO">Typing text 'Silva' into text field '//input[@name="middleName"]'.</msg>
<status status="PASS" starttime="20230108 12:19:59.895" endtime="20230108 12:19:59.967"/>
</kw>
<kw name="Input Text" library="SeleniumLibrary">
<arg>${pim.input_lastName}</arg>
<arg>${new_user.last_name}</arg>
<doc>Types the given ``text`` into the text field identified by ``locator``.</doc>
<msg timestamp="20230108 12:19:59.968" level="INFO">Typing text 'Grey' into text field '//input[@name="lastName"]'.</msg>
<status status="PASS" starttime="20230108 12:19:59.967" endtime="20230108 12:20:00.049"/>
</kw>
<kw name="Click Element" library="SeleniumLibrary">
<arg>${pim.button_save}</arg>
<doc>Click the element identified by ``locator``.</doc>
<msg timestamp="20230108 12:20:00.050" level="INFO">Clicking element '//button[@type="submit"]'.</msg>
<status status="PASS" starttime="20230108 12:20:00.049" endtime="20230108 12:20:00.713"/>
</kw>
<kw name="Dado que eu acesse a opção PIM no menu" library="pim_page">
<kw name="Wait Until Element Is Visible" library="SeleniumLibrary">
<arg>${pim.button_pim}</arg>
<arg>10</arg>
<doc>Waits until the element ``locator`` is visible.</doc>
<status status="PASS" starttime="20230108 12:20:00.714" endtime="20230108 12:20:00.734"/>
</kw>
<kw name="Click Element" library="SeleniumLibrary">
<arg>${pim.button_pim}</arg>
<doc>Click the element identified by ``locator``.</doc>
<msg timestamp="20230108 12:20:00.735" level="INFO">Clicking element '//a[@href="/web/index.php/pim/viewPimModule"]'.</msg>
<status status="PASS" starttime="20230108 12:20:00.734" endtime="20230108 12:20:01.648"/>
</kw>
<status status="PASS" starttime="20230108 12:20:00.713" endtime="20230108 12:20:01.648"/>
</kw>
<kw name="E clique em &quot;Add Employee&quot;" library="pim_page">
<kw name="Wait Until Element Is Visible" library="SeleniumLibrary">
<arg>${pim.button_add}</arg>
<arg>20</arg>
<doc>Waits until the element ``locator`` is visible.</doc>
<status status="PASS" starttime="20230108 12:20:01.649" endtime="20230108 12:20:02.085"/>
</kw>
<kw name="Click Element" library="SeleniumLibrary">
<arg>${pim.button_add}</arg>
<doc>Click the element identified by ``locator``.</doc>
<msg timestamp="20230108 12:20:02.086" level="INFO">Clicking element '//button[@class="oxd-button oxd-button--medium oxd-button--secondary"]'.</msg>
<status status="PASS" starttime="20230108 12:20:02.085" endtime="20230108 12:20:02.744"/>
</kw>
<status status="PASS" starttime="20230108 12:20:01.648" endtime="20230108 12:20:02.744"/>
</kw>
<status status="PASS" starttime="20230108 12:19:59.370" endtime="20230108 12:20:02.744"/>
</iter>
<iter>
<var name="${i}">2</var>
<kw name="Wait Until Element Is Visible" library="SeleniumLibrary">
<arg>${pim.input_firstName}</arg>
<arg>20</arg>
<doc>Waits until the element ``locator`` is visible.</doc>
<status status="PASS" starttime="20230108 12:20:02.744" endtime="20230108 12:20:03.190"/>
</kw>
<kw name="Input Text" library="SeleniumLibrary">
<arg>${pim.input_firstName}</arg>
<arg>${new_user.first_name}</arg>
<arg>${i}</arg>
<doc>Types the given ``text`` into the text field identified by ``locator``.</doc>
<msg timestamp="20230108 12:20:03.192" level="INFO">Typing text 'Meredith' into text field '//input[@name="firstName"]'.</msg>
<status status="PASS" starttime="20230108 12:20:03.191" endtime="20230108 12:20:03.285"/>
</kw>
<kw name="Input Text" library="SeleniumLibrary">
<arg>${pim.input_middleName}</arg>
<arg>${new_user.middle_name}</arg>
<doc>Types the given ``text`` into the text field identified by ``locator``.</doc>
<msg timestamp="20230108 12:20:03.286" level="INFO">Typing text 'Silva' into text field '//input[@name="middleName"]'.</msg>
<status status="PASS" starttime="20230108 12:20:03.285" endtime="20230108 12:20:03.349"/>
</kw>
<kw name="Input Text" library="SeleniumLibrary">
<arg>${pim.input_lastName}</arg>
<arg>${new_user.last_name}</arg>
<doc>Types the given ``text`` into the text field identified by ``locator``.</doc>
<msg timestamp="20230108 12:20:03.350" level="INFO">Typing text 'Grey' into text field '//input[@name="lastName"]'.</msg>
<status status="PASS" starttime="20230108 12:20:03.350" endtime="20230108 12:20:03.414"/>
</kw>
<kw name="Click Element" library="SeleniumLibrary">
<arg>${pim.button_save}</arg>
<doc>Click the element identified by ``locator``.</doc>
<msg timestamp="20230108 12:20:03.415" level="INFO">Clicking element '//button[@type="submit"]'.</msg>
<status status="PASS" starttime="20230108 12:20:03.414" endtime="20230108 12:20:04.150"/>
</kw>
<kw name="Dado que eu acesse a opção PIM no menu" library="pim_page">
<kw name="Wait Until Element Is Visible" library="SeleniumLibrary">
<arg>${pim.button_pim}</arg>
<arg>10</arg>
<doc>Waits until the element ``locator`` is visible.</doc>
<status status="PASS" starttime="20230108 12:20:04.150" endtime="20230108 12:20:04.162"/>
</kw>
<kw name="Click Element" library="SeleniumLibrary">
<arg>${pim.button_pim}</arg>
<doc>Click the element identified by ``locator``.</doc>
<msg timestamp="20230108 12:20:04.163" level="INFO">Clicking element '//a[@href="/web/index.php/pim/viewPimModule"]'.</msg>
<status status="PASS" starttime="20230108 12:20:04.163" endtime="20230108 12:20:05.100"/>
</kw>
<status status="PASS" starttime="20230108 12:20:04.150" endtime="20230108 12:20:05.100"/>
</kw>
<kw name="E clique em &quot;Add Employee&quot;" library="pim_page">
<kw name="Wait Until Element Is Visible" library="SeleniumLibrary">
<arg>${pim.button_add}</arg>
<arg>20</arg>
<doc>Waits until the element ``locator`` is visible.</doc>
<status status="PASS" starttime="20230108 12:20:05.100" endtime="20230108 12:20:05.547"/>
</kw>
<kw name="Click Element" library="SeleniumLibrary">
<arg>${pim.button_add}</arg>
<doc>Click the element identified by ``locator``.</doc>
<msg timestamp="20230108 12:20:05.548" level="INFO">Clicking element '//button[@class="oxd-button oxd-button--medium oxd-button--secondary"]'.</msg>
<status status="PASS" starttime="20230108 12:20:05.547" endtime="20230108 12:20:06.379"/>
</kw>
<status status="PASS" starttime="20230108 12:20:05.100" endtime="20230108 12:20:06.379"/>
</kw>
<status status="PASS" starttime="20230108 12:20:02.744" endtime="20230108 12:20:06.379"/>
</iter>
<status status="PASS" starttime="20230108 12:19:55.992" endtime="20230108 12:20:06.379"/>
</for>
<status status="PASS" starttime="20230108 12:19:55.992" endtime="20230108 12:20:06.379"/>
</kw>
<kw name="Fechar navegador" library="setup_teardown" type="TEARDOWN">
<kw name="Close Browser" library="SeleniumLibrary">
<doc>Closes the current browser.</doc>
<status status="PASS" starttime="20230108 12:20:06.380" endtime="20230108 12:20:08.922"/>
</kw>
<status status="PASS" starttime="20230108 12:20:06.380" endtime="20230108 12:20:08.922"/>
</kw>
<tag>TC02 Loop</tag>
<status status="PASS" starttime="20230108 12:19:46.090" endtime="20230108 12:20:08.922"/>
</test>
<status status="PASS" starttime="20230108 12:19:45.826" endtime="20230108 12:20:08.927"/>
</suite>
<status status="PASS" starttime="20230108 12:19:45.808" endtime="20230108 12:20:08.931"/>
</suite>
<status status="PASS" starttime="20230108 12:19:45.790" endtime="20230108 12:20:08.932"/>
</suite>
<statistics>
<total>
<stat pass="1" fail="0" skip="0">All Tests</stat>
</total>
<tag>
<stat pass="1" fail="0" skip="0">TC02 Loop</stat>
</tag>
<suite>
<stat pass="1" fail="0" skip="0" id="s1" name="Suites">Suites</stat>
<stat pass="1" fail="0" skip="0" id="s1-s1" name="addAndDelete">Suites.addAndDelete</stat>
<stat pass="1" fail="0" skip="0" id="s1-s1-s1" name="addAndDelete">Suites.addAndDelete.addAndDelete</stat>
</suite>
</statistics>
<errors>
</errors>
</robot>
